<?xml version="1.0" encoding="UTF-8"?>
<testng-results ignored="0" total="1" passed="1" failed="0" skipped="0">
  <reporter-output>
  </reporter-output>
  <suite started-at="2022-12-30T03:20:26Z" name="Automation Test" finished-at="2022-12-30T03:21:23Z" duration-ms="57090">
    <groups>
    </groups>
    <test started-at="2022-12-30T03:20:26Z" name="Automation - Tests" finished-at="2022-12-30T03:21:23Z" duration-ms="57090">
      <class name="com.automation.test.AmazonTest">
        <test-method signature="AutomateAmazonTest()[pri:0, instance:com.automation.test.AmazonTest@671a5887]" started-at="2022-12-30T08:20:26Z" name="AutomateAmazonTest" finished-at="2022-12-30T08:21:23Z" duration-ms="57072" status="PASS">
          <reporter-output>
          </reporter-output>
        </test-method> <!-- AutomateAmazonTest -->
        <test-method is-config="true" signature="afterSuiteFlush()[pri:0, instance:com.automation.test.AmazonTest@671a5887]" started-at="2022-12-30T08:21:23Z" name="afterSuiteFlush" finished-at="2022-12-30T08:21:23Z" duration-ms="249" status="PASS">
          <reporter-output>
          </reporter-output>
        </test-method> <!-- afterSuiteFlush -->
      </class> <!-- com.automation.test.AmazonTest -->
    </test> <!-- Automation - Tests -->
  </suite> <!-- Automation Test -->
</testng-results>
